<?xml version="1.0" encoding="UTF-8"?>
<!-- Generated by org.testng.reporters.JUnitXMLReporter -->
<testsuite ignored="0" hostname="DESKTOP-URO4KG6" failures="0" tests="3" name="Default test" time="0.204" errors="0" timestamp="2023-03-01T19:54:13 IST">
  <testcase classname="practice1testng.c" name="m2" time="0.015"/>
  <testcase classname="practice1testng.c" name="m3" time="0.002"/>
  <testcase classname="practice1testng.Practicetest" name="run" time="0.009"/>
</testsuite> <!-- Default test -->
